[debug] [2023-06-26T06:38:53.759Z] ----------------------------------------------------------------------
[debug] [2023-06-26T06:38:53.761Z] Command:       C:\Program Files\nodejs\node.exe C:\Users\LucasRodriguez\AppData\Roaming\npm\node_modules\firebase-tools\lib\bin\firebase.js init
[debug] [2023-06-26T06:38:53.762Z] CLI Version:   12.4.0
[debug] [2023-06-26T06:38:53.762Z] Platform:      win32
[debug] [2023-06-26T06:38:53.762Z] Node Version:  v18.16.0
[debug] [2023-06-26T06:38:53.764Z] Time:          Mon Jun 26 2023 03:38:53 GMT-0300 (hora estándar de Argentina)
[debug] [2023-06-26T06:38:53.764Z] ----------------------------------------------------------------------
[debug] 
[debug] [2023-06-26T06:38:53.864Z] > command requires scopes: ["email","openid","https://www.googleapis.com/auth/cloudplatformprojects.readonly","https://www.googleapis.com/auth/firebase","https://www.googleapis.com/auth/cloud-platform"]
[debug] [2023-06-26T06:38:53.865Z] > authorizing via signed-in user (plumalibreria@gmail.com)
[info] 
     ######## #### ########  ######## ########     ###     ######  ########
     ##        ##  ##     ## ##       ##     ##  ##   ##  ##       ##
     ######    ##  ########  ######   ########  #########  ######  ######
     ##        ##  ##    ##  ##       ##     ## ##     ##       ## ##
     ##       #### ##     ## ######## ########  ##     ##  ######  ########

You're about to initialize a Firebase project in this directory:

  D:\Documents\Study\Programming\PF\pf-libreria-FRONT

Before we get started, keep in mind:

  * You are initializing within an existing Firebase project directory

[debug] [2023-06-26T06:39:38.811Z] ----------------------------------------------------------------------
[debug] [2023-06-26T06:39:38.813Z] Command:       C:\Program Files\nodejs\node.exe C:\Users\LucasRodriguez\AppData\Roaming\npm\node_modules\firebase-tools\lib\bin\firebase.js use --add
[debug] [2023-06-26T06:39:38.814Z] CLI Version:   12.4.0
[debug] [2023-06-26T06:39:38.814Z] Platform:      win32
[debug] [2023-06-26T06:39:38.815Z] Node Version:  v18.16.0
[debug] [2023-06-26T06:39:38.816Z] Time:          Mon Jun 26 2023 03:39:38 GMT-0300 (hora estándar de Argentina)
[debug] [2023-06-26T06:39:38.816Z] ----------------------------------------------------------------------
[debug] 
[debug] [2023-06-26T06:39:38.916Z] > command requires scopes: ["email","openid","https://www.googleapis.com/auth/cloudplatformprojects.readonly","https://www.googleapis.com/auth/firebase","https://www.googleapis.com/auth/cloud-platform"]
[debug] [2023-06-26T06:39:38.917Z] > authorizing via signed-in user (plumalibreria@gmail.com)
[debug] [2023-06-26T06:39:38.921Z] >>> [apiv2][query] GET https://firebase.googleapis.com/v1beta1/projects pageSize=1000
[debug] [2023-06-26T06:39:39.565Z] <<< [apiv2][status] GET https://firebase.googleapis.com/v1beta1/projects 200
[debug] [2023-06-26T06:39:39.565Z] <<< [apiv2][body] GET https://firebase.googleapis.com/v1beta1/projects [omitted]
